<?xml version="1.0" encoding="UTF-8"?>
<!-- Generated by org.testng.reporters.JUnitReportReporter -->
<testsuite hostname="DESKTOP-MHEBNHM" failures="0" tests="3" name="com.maventraining.Demotest" time="0.011" errors="0" timestamp="2022-03-24T14:16:21 IST" skipped="0">
  <testcase classname="com.maventraining.Demotest" name="learn" time="0.002"/>
  <system-out/>
  <testcase classname="com.maventraining.Demotest" name="Read" time="0.008"/>
  <system-out/>
  <testcase classname="com.maventraining.Demotest" name="Write" time="0.001"/>
  <system-out/>
</testsuite> <!-- com.maventraining.Demotest -->
