<?xml version="1.0" encoding="UTF-8"?>
<!-- Generated by org.testng.reporters.JUnitReportReporter -->
<testsuite hostname="DESKTOP-MHEBNHM" failures="0" tests="1" name="com.maventraining.LoginTest" time="6.157" errors="0" timestamp="2022-03-23T14:56:29 IST" skipped="0">
  <testcase classname="com.maventraining.LoginTest" name="main" time="6.157"/>
  <system-out/>
</testsuite> <!-- com.maventraining.LoginTest -->
